<?xml version="1.0" encoding="UTF-8"?>
<!-- Generated by org.testng.reporters.JUnitReportReporter -->
<testsuite hostname="ManyaAsokan-N0VQHH97MQ" failures="0" tests="1" name="com.browserstack.FirstTest" time="34.325" errors="0" timestamp="2025-02-19T01:23:17 IST" skipped="0">
  <testcase classname="com.browserstack.FirstTest" name="test" time="34.325"/>
  <system-out/>
</testsuite> <!-- com.browserstack.FirstTest -->
